running egg_info
writing ../../build/inventory/inventory.egg-info/PKG-INFO
writing dependency_links to ../../build/inventory/inventory.egg-info/dependency_links.txt
writing requirements to ../../build/inventory/inventory.egg-info/requires.txt
writing top-level names to ../../build/inventory/inventory.egg-info/top_level.txt
writing manifest file '../../build/inventory/inventory.egg-info/SOURCES.txt'
reading manifest file '../../build/inventory/inventory.egg-info/SOURCES.txt'
writing manifest file '../../build/inventory/inventory.egg-info/SOURCES.txt'
running build
running build_py
copying inventory/capture.py -> /home/faheem/IRobot/build/inventory/build/lib/inventory
copying inventory/c_navigate_to_pose.py -> /home/faheem/IRobot/build/inventory/build/lib/inventory
copying inventory/__init__.py -> /home/faheem/IRobot/build/inventory/build/lib/inventory
running install
running install_lib
copying /home/faheem/IRobot/build/inventory/build/lib/inventory/capture.py -> /home/faheem/IRobot/install/inventory/lib/python3.10/site-packages/inventory
copying /home/faheem/IRobot/build/inventory/build/lib/inventory/c_navigate_to_pose.py -> /home/faheem/IRobot/install/inventory/lib/python3.10/site-packages/inventory
copying /home/faheem/IRobot/build/inventory/build/lib/inventory/__init__.py -> /home/faheem/IRobot/install/inventory/lib/python3.10/site-packages/inventory
byte-compiling /home/faheem/IRobot/install/inventory/lib/python3.10/site-packages/inventory/capture.py to capture.cpython-310.pyc
byte-compiling /home/faheem/IRobot/install/inventory/lib/python3.10/site-packages/inventory/c_navigate_to_pose.py to c_navigate_to_pose.cpython-310.pyc
byte-compiling /home/faheem/IRobot/install/inventory/lib/python3.10/site-packages/inventory/__init__.py to __init__.cpython-310.pyc
running install_data
copying resource/inventory -> /home/faheem/IRobot/install/inventory/share/ament_index/resource_index/packages
copying package.xml -> /home/faheem/IRobot/install/inventory/share/inventory
copying launch/manual_navigation.launch.py -> /home/faheem/IRobot/install/inventory/share/inventory/launch
copying launch/view_map.launch.py -> /home/faheem/IRobot/install/inventory/share/inventory/launch
copying launch/slamtoolbox_mapping.launch.py -> /home/faheem/IRobot/install/inventory/share/inventory/launch
copying launch/cartographer_mapping.launch.py -> /home/faheem/IRobot/install/inventory/share/inventory/launch
copying config/setup.py -> /home/faheem/IRobot/install/inventory/share/inventory/config
copying config/wafflepi_parms.yaml -> /home/faheem/IRobot/install/inventory/share/inventory/config
copying config/cartographer.lua -> /home/faheem/IRobot/install/inventory/share/inventory/config
running install_egg_info
removing '/home/faheem/IRobot/install/inventory/lib/python3.10/site-packages/inventory-0.0.0-py3.10.egg-info' (and everything under it)
Copying ../../build/inventory/inventory.egg-info to /home/faheem/IRobot/install/inventory/lib/python3.10/site-packages/inventory-0.0.0-py3.10.egg-info
running install_scripts
writing list of installed files to '/home/faheem/IRobot/build/inventory/install.log'
