[1.315s] Invoking command in '/home/faheem/IRobot/src/inventory': PYTHONPATH=/home/faheem/IRobot/build/inventory/prefix_override:/home/faheem/.local/lib/python3.10/site-packages/colcon_core/task/python/colcon_distutils_commands:/home/faheem/IRobot/install/inventory/lib/python3.10/site-packages:${PYTHONPATH} /usr/local/bin/python3 -W ignore:setup.py install is deprecated -W ignore:easy_install command is deprecated setup.py egg_info --egg-base ../../build/inventory build --build-base /home/faheem/IRobot/build/inventory/build install --record /home/faheem/IRobot/build/inventory/install.log --single-version-externally-managed install_data
[1.758s] running egg_info
[1.776s] writing ../../build/inventory/inventory.egg-info/PKG-INFO
[1.777s] writing dependency_links to ../../build/inventory/inventory.egg-info/dependency_links.txt
[1.777s] writing requirements to ../../build/inventory/inventory.egg-info/requires.txt
[1.778s] writing top-level names to ../../build/inventory/inventory.egg-info/top_level.txt
[1.812s] reading manifest file '../../build/inventory/inventory.egg-info/SOURCES.txt'
[1.814s] writing manifest file '../../build/inventory/inventory.egg-info/SOURCES.txt'
[1.814s] running build
[1.814s] running build_py
[1.814s] copying inventory/capture.py -> /home/faheem/IRobot/build/inventory/build/lib/inventory
[1.815s] copying inventory/c_navigate_to_pose.py -> /home/faheem/IRobot/build/inventory/build/lib/inventory
[1.815s] copying inventory/__init__.py -> /home/faheem/IRobot/build/inventory/build/lib/inventory
[1.815s] running install
[1.824s] running install_lib
[1.842s] copying /home/faheem/IRobot/build/inventory/build/lib/inventory/capture.py -> /home/faheem/IRobot/install/inventory/lib/python3.10/site-packages/inventory
[1.843s] byte-compiling /home/faheem/IRobot/install/inventory/lib/python3.10/site-packages/inventory/capture.py to capture.cpython-310.pyc
[1.844s] running install_data
[1.844s] copying resource/inventory -> /home/faheem/IRobot/install/inventory/share/ament_index/resource_index/packages
[1.844s] copying package.xml -> /home/faheem/IRobot/install/inventory/share/inventory
[1.845s] copying launch/manual_navigation.launch.py -> /home/faheem/IRobot/install/inventory/share/inventory/launch
[1.845s] copying launch/view_map.launch.py -> /home/faheem/IRobot/install/inventory/share/inventory/launch
[1.845s] copying launch/slamtoolbox_mapping.launch.py -> /home/faheem/IRobot/install/inventory/share/inventory/launch
[1.846s] copying launch/cartographer_mapping.launch.py -> /home/faheem/IRobot/install/inventory/share/inventory/launch
[1.846s] copying config/setup.py -> /home/faheem/IRobot/install/inventory/share/inventory/config
[1.846s] copying config/wafflepi_parms.yaml -> /home/faheem/IRobot/install/inventory/share/inventory/config
[1.846s] copying config/cartographer.lua -> /home/faheem/IRobot/install/inventory/share/inventory/config
[1.847s] running install_egg_info
[1.868s] removing '/home/faheem/IRobot/install/inventory/lib/python3.10/site-packages/inventory-0.0.0-py3.10.egg-info' (and everything under it)
[1.868s] Copying ../../build/inventory/inventory.egg-info to /home/faheem/IRobot/install/inventory/lib/python3.10/site-packages/inventory-0.0.0-py3.10.egg-info
[1.869s] running install_scripts
[2.033s] writing list of installed files to '/home/faheem/IRobot/build/inventory/install.log'
[2.065s] Invoked command in '/home/faheem/IRobot/src/inventory' returned '0': PYTHONPATH=/home/faheem/IRobot/build/inventory/prefix_override:/home/faheem/.local/lib/python3.10/site-packages/colcon_core/task/python/colcon_distutils_commands:/home/faheem/IRobot/install/inventory/lib/python3.10/site-packages:${PYTHONPATH} /usr/local/bin/python3 -W ignore:setup.py install is deprecated -W ignore:easy_install command is deprecated setup.py egg_info --egg-base ../../build/inventory build --build-base /home/faheem/IRobot/build/inventory/build install --record /home/faheem/IRobot/build/inventory/install.log --single-version-externally-managed install_data
