/home/faheem/IRobot/install/inventory/lib/python3.10/site-packages/inventory/capture.py
/home/faheem/IRobot/install/inventory/lib/python3.10/site-packages/inventory/c_navigate_to_pose.py
/home/faheem/IRobot/install/inventory/lib/python3.10/site-packages/inventory/__init__.py
/home/faheem/IRobot/install/inventory/lib/python3.10/site-packages/inventory/__pycache__/capture.cpython-310.pyc
/home/faheem/IRobot/install/inventory/lib/python3.10/site-packages/inventory/__pycache__/c_navigate_to_pose.cpython-310.pyc
/home/faheem/IRobot/install/inventory/lib/python3.10/site-packages/inventory/__pycache__/__init__.cpython-310.pyc
/home/faheem/IRobot/install/inventory/share/ament_index/resource_index/packages/inventory
/home/faheem/IRobot/install/inventory/share/inventory/package.xml
/home/faheem/IRobot/install/inventory/share/inventory/launch/manual_navigation.launch.py
/home/faheem/IRobot/install/inventory/share/inventory/launch/view_map.launch.py
/home/faheem/IRobot/install/inventory/share/inventory/launch/slamtoolbox_mapping.launch.py
/home/faheem/IRobot/install/inventory/share/inventory/launch/cartographer_mapping.launch.py
/home/faheem/IRobot/install/inventory/share/inventory/config/setup.py
/home/faheem/IRobot/install/inventory/share/inventory/config/wafflepi_parms.yaml
/home/faheem/IRobot/install/inventory/share/inventory/config/cartographer.lua
/home/faheem/IRobot/install/inventory/share/inventory/maps
/home/faheem/IRobot/install/inventory/share/inventory/rviz2
/home/faheem/IRobot/install/inventory/lib/python3.10/site-packages/inventory-0.0.0-py3.10.egg-info/top_level.txt
/home/faheem/IRobot/install/inventory/lib/python3.10/site-packages/inventory-0.0.0-py3.10.egg-info/PKG-INFO
/home/faheem/IRobot/install/inventory/lib/python3.10/site-packages/inventory-0.0.0-py3.10.egg-info/SOURCES.txt
/home/faheem/IRobot/install/inventory/lib/python3.10/site-packages/inventory-0.0.0-py3.10.egg-info/zip-safe
/home/faheem/IRobot/install/inventory/lib/python3.10/site-packages/inventory-0.0.0-py3.10.egg-info/requires.txt
/home/faheem/IRobot/install/inventory/lib/python3.10/site-packages/inventory-0.0.0-py3.10.egg-info/dependency_links.txt
